<?xml version="1.0" encoding="UTF-8"?>
<testsuite xmlns:xsi="http://www.w3.org/2001/XMLSchema-instance" xsi:noNamespaceSchemaLocation="https://maven.apache.org/surefire/maven-surefire-plugin/xsd/surefire-test-report-3.0.xsd" version="3.0" name="Sign up for the MHS App" time="168.885" tests="1" errors="0" skipped="0" failures="0">
  <properties>
    <property name="sun.desktop" value="windows"/>
    <property name="awt.toolkit" value="sun.awt.windows.WToolkit"/>
    <property name="file.encoding.pkg" value="sun.io"/>
    <property name="java.specification.version" value="1.8"/>
    <property name="sun.cpu.isalist" value="amd64"/>
    <property name="sun.jnu.encoding" value="Cp1252"/>
    <property name="java.class.path" value="C:\Users\kapsisod\Box Sync\POC-NHSMHS\workspace\Android\target\test-classes;C:\Users\kapsisod\Box Sync\POC-NHSMHS\workspace\Android\target\classes;C:\Users\kapsisod\.m2\repository\junit\junit\4.11\junit-4.11.jar;C:\Users\kapsisod\.m2\repository\org\hamcrest\hamcrest-core\1.3\hamcrest-core-1.3.jar;C:\Users\kapsisod\.m2\repository\io\appium\java-client\7.3.0\java-client-7.3.0.jar;C:\Users\kapsisod\.m2\repository\org\seleniumhq\selenium\selenium-support\3.141.59\selenium-support-3.141.59.jar;C:\Users\kapsisod\.m2\repository\org\seleniumhq\selenium\selenium-api\3.141.59\selenium-api-3.141.59.jar;C:\Users\kapsisod\.m2\repository\com\google\code\gson\gson\2.8.5\gson-2.8.5.jar;C:\Users\kapsisod\.m2\repository\org\apache\httpcomponents\httpclient\4.5.9\httpclient-4.5.9.jar;C:\Users\kapsisod\.m2\repository\org\apache\httpcomponents\httpcore\4.4.11\httpcore-4.4.11.jar;C:\Users\kapsisod\.m2\repository\commons-logging\commons-logging\1.2\commons-logging-1.2.jar;C:\Users\kapsisod\.m2\repository\commons-codec\commons-codec\1.11\commons-codec-1.11.jar;C:\Users\kapsisod\.m2\repository\cglib\cglib\3.2.12\cglib-3.2.12.jar;C:\Users\kapsisod\.m2\repository\org\ow2\asm\asm\7.1\asm-7.1.jar;C:\Users\kapsisod\.m2\repository\commons-validator\commons-validator\1.6\commons-validator-1.6.jar;C:\Users\kapsisod\.m2\repository\commons-beanutils\commons-beanutils\1.9.2\commons-beanutils-1.9.2.jar;C:\Users\kapsisod\.m2\repository\commons-digester\commons-digester\1.8.1\commons-digester-1.8.1.jar;C:\Users\kapsisod\.m2\repository\commons-collections\commons-collections\3.2.2\commons-collections-3.2.2.jar;C:\Users\kapsisod\.m2\repository\org\apache\commons\commons-lang3\3.9\commons-lang3-3.9.jar;C:\Users\kapsisod\.m2\repository\commons-io\commons-io\2.6\commons-io-2.6.jar;C:\Users\kapsisod\.m2\repository\org\springframework\spring-context\5.1.8.RELEASE\spring-context-5.1.8.RELEASE.jar;C:\Users\kapsisod\.m2\repository\org\springframework\spring-aop\5.1.8.RELEASE\spring-aop-5.1.8.RELEASE.jar;C:\Users\kapsisod\.m2\repository\org\springframework\spring-beans\5.1.8.RELEASE\spring-beans-5.1.8.RELEASE.jar;C:\Users\kapsisod\.m2\repository\org\springframework\spring-core\5.1.8.RELEASE\spring-core-5.1.8.RELEASE.jar;C:\Users\kapsisod\.m2\repository\org\springframework\spring-jcl\5.1.8.RELEASE\spring-jcl-5.1.8.RELEASE.jar;C:\Users\kapsisod\.m2\repository\org\springframework\spring-expression\5.1.8.RELEASE\spring-expression-5.1.8.RELEASE.jar;C:\Users\kapsisod\.m2\repository\org\aspectj\aspectjweaver\1.9.4\aspectjweaver-1.9.4.jar;C:\Users\kapsisod\.m2\repository\org\slf4j\slf4j-api\1.7.26\slf4j-api-1.7.26.jar;C:\Users\kapsisod\.m2\repository\org\seleniumhq\selenium\selenium-java\3.141.59\selenium-java-3.141.59.jar;C:\Users\kapsisod\.m2\repository\org\seleniumhq\selenium\selenium-chrome-driver\3.141.59\selenium-chrome-driver-3.141.59.jar;C:\Users\kapsisod\.m2\repository\org\seleniumhq\selenium\selenium-edge-driver\3.141.59\selenium-edge-driver-3.141.59.jar;C:\Users\kapsisod\.m2\repository\org\seleniumhq\selenium\selenium-firefox-driver\3.141.59\selenium-firefox-driver-3.141.59.jar;C:\Users\kapsisod\.m2\repository\org\seleniumhq\selenium\selenium-ie-driver\3.141.59\selenium-ie-driver-3.141.59.jar;C:\Users\kapsisod\.m2\repository\org\seleniumhq\selenium\selenium-opera-driver\3.141.59\selenium-opera-driver-3.141.59.jar;C:\Users\kapsisod\.m2\repository\org\seleniumhq\selenium\selenium-remote-driver\3.141.59\selenium-remote-driver-3.141.59.jar;C:\Users\kapsisod\.m2\repository\org\seleniumhq\selenium\selenium-safari-driver\3.141.59\selenium-safari-driver-3.141.59.jar;C:\Users\kapsisod\.m2\repository\net\bytebuddy\byte-buddy\1.8.15\byte-buddy-1.8.15.jar;C:\Users\kapsisod\.m2\repository\org\apache\commons\commons-exec\1.3\commons-exec-1.3.jar;C:\Users\kapsisod\.m2\repository\com\google\guava\guava\25.0-jre\guava-25.0-jre.jar;C:\Users\kapsisod\.m2\repository\com\google\code\findbugs\jsr305\1.3.9\jsr305-1.3.9.jar;C:\Users\kapsisod\.m2\repository\org\checkerframework\checker-compat-qual\2.0.0\checker-compat-qual-2.0.0.jar;C:\Users\kapsisod\.m2\repository\com\google\errorprone\error_prone_annotations\2.1.3\error_prone_annotations-2.1.3.jar;C:\Users\kapsisod\.m2\repository\com\google\j2objc\j2objc-annotations\1.1\j2objc-annotations-1.1.jar;C:\Users\kapsisod\.m2\repository\org\codehaus\mojo\animal-sniffer-annotations\1.14\animal-sniffer-annotations-1.14.jar;C:\Users\kapsisod\.m2\repository\com\squareup\okhttp3\okhttp\3.11.0\okhttp-3.11.0.jar;C:\Users\kapsisod\.m2\repository\com\squareup\okio\okio\1.14.0\okio-1.14.0.jar;C:\Users\kapsisod\.m2\repository\io\cucumber\cucumber-java\6.3.0\cucumber-java-6.3.0.jar;C:\Users\kapsisod\.m2\repository\org\apiguardian\apiguardian-api\1.1.0\apiguardian-api-1.1.0.jar;C:\Users\kapsisod\.m2\repository\io\cucumber\cucumber-junit\6.3.0\cucumber-junit-6.3.0.jar;C:\Users\kapsisod\.m2\repository\io\cucumber\cucumber-core\6.3.0\cucumber-core-6.3.0.jar;C:\Users\kapsisod\.m2\repository\io\cucumber\cucumber-gherkin\6.3.0\cucumber-gherkin-6.3.0.jar;C:\Users\kapsisod\.m2\repository\io\cucumber\cucumber-gherkin-messages\6.3.0\cucumber-gherkin-messages-6.3.0.jar;C:\Users\kapsisod\.m2\repository\io\cucumber\messages\12.2.0\messages-12.2.0.jar;C:\Users\kapsisod\.m2\repository\io\cucumber\tag-expressions\3.0.0\tag-expressions-3.0.0.jar;C:\Users\kapsisod\.m2\repository\io\cucumber\cucumber-expressions\10.2.1\cucumber-expressions-10.2.1.jar;C:\Users\kapsisod\.m2\repository\io\cucumber\datatable\3.3.1\datatable-3.3.1.jar;C:\Users\kapsisod\.m2\repository\io\cucumber\cucumber-plugin\6.3.0\cucumber-plugin-6.3.0.jar;C:\Users\kapsisod\.m2\repository\io\cucumber\docstring\6.3.0\docstring-6.3.0.jar;C:\Users\kapsisod\.m2\repository\io\cucumber\html-formatter\7.0.0\html-formatter-7.0.0.jar;C:\Users\kapsisod\.m2\repository\io\cucumber\gherkin\14.1.0\gherkin-14.1.0.jar;C:\Users\kapsisod\.m2\repository\io\cucumber\cucumber-picocontainer\6.3.0\cucumber-picocontainer-6.3.0.jar;C:\Users\kapsisod\.m2\repository\org\picocontainer\picocontainer\2.15\picocontainer-2.15.jar;C:\Users\kapsisod\.m2\repository\io\cucumber\cucumber-testng\6.3.0\cucumber-testng-6.3.0.jar;C:\Users\kapsisod\.m2\repository\org\testng\testng\7.3.0\testng-7.3.0.jar;C:\Users\kapsisod\.m2\repository\com\beust\jcommander\1.78\jcommander-1.78.jar;C:\Users\kapsisod\.m2\repository\org\apache\ant\ant\1.10.3\ant-1.10.3.jar;C:\Users\kapsisod\.m2\repository\org\apache\ant\ant-launcher\1.10.3\ant-launcher-1.10.3.jar;C:\Users\kapsisod\.m2\repository\com\google\inject\guice\4.2.2\guice-4.2.2-no_aop.jar;C:\Users\kapsisod\.m2\repository\javax\inject\javax.inject\1\javax.inject-1.jar;C:\Users\kapsisod\.m2\repository\aopalliance\aopalliance\1.0\aopalliance-1.0.jar;C:\Users\kapsisod\.m2\repository\org\yaml\snakeyaml\1.21\snakeyaml-1.21.jar;"/>
    <property name="java.vm.vendor" value="Oracle Corporation"/>
    <property name="sun.arch.data.model" value="64"/>
    <property name="user.variant" value=""/>
    <property name="java.vendor.url" value="http://java.oracle.com/"/>
    <property name="user.timezone" value="GMT+05:30"/>
    <property name="java.vm.specification.version" value="1.8"/>
    <property name="os.name" value="Windows 10"/>
    <property name="user.country" value="US"/>
    <property name="sun.java.launcher" value="SUN_STANDARD"/>
    <property name="sun.boot.library.path" value="C:\Program Files\Java\jdk1.8.0_211\jre\bin"/>
    <property name="sun.java.command" value="C:\Users\kapsisod\AppData\Local\Temp\surefire7608829917886693075\surefirebooter170164022488364312.jar C:\Users\kapsisod\AppData\Local\Temp\surefire7608829917886693075 2020-09-30T16-06-43_019-jvmRun1 surefire797844151147584526tmp surefire_02325028243504571426tmp"/>
    <property name="surefire.test.class.path" value="C:\Users\kapsisod\Box Sync\POC-NHSMHS\workspace\Android\target\test-classes;C:\Users\kapsisod\Box Sync\POC-NHSMHS\workspace\Android\target\classes;C:\Users\kapsisod\.m2\repository\junit\junit\4.11\junit-4.11.jar;C:\Users\kapsisod\.m2\repository\org\hamcrest\hamcrest-core\1.3\hamcrest-core-1.3.jar;C:\Users\kapsisod\.m2\repository\io\appium\java-client\7.3.0\java-client-7.3.0.jar;C:\Users\kapsisod\.m2\repository\org\seleniumhq\selenium\selenium-support\3.141.59\selenium-support-3.141.59.jar;C:\Users\kapsisod\.m2\repository\org\seleniumhq\selenium\selenium-api\3.141.59\selenium-api-3.141.59.jar;C:\Users\kapsisod\.m2\repository\com\google\code\gson\gson\2.8.5\gson-2.8.5.jar;C:\Users\kapsisod\.m2\repository\org\apache\httpcomponents\httpclient\4.5.9\httpclient-4.5.9.jar;C:\Users\kapsisod\.m2\repository\org\apache\httpcomponents\httpcore\4.4.11\httpcore-4.4.11.jar;C:\Users\kapsisod\.m2\repository\commons-logging\commons-logging\1.2\commons-logging-1.2.jar;C:\Users\kapsisod\.m2\repository\commons-codec\commons-codec\1.11\commons-codec-1.11.jar;C:\Users\kapsisod\.m2\repository\cglib\cglib\3.2.12\cglib-3.2.12.jar;C:\Users\kapsisod\.m2\repository\org\ow2\asm\asm\7.1\asm-7.1.jar;C:\Users\kapsisod\.m2\repository\commons-validator\commons-validator\1.6\commons-validator-1.6.jar;C:\Users\kapsisod\.m2\repository\commons-beanutils\commons-beanutils\1.9.2\commons-beanutils-1.9.2.jar;C:\Users\kapsisod\.m2\repository\commons-digester\commons-digester\1.8.1\commons-digester-1.8.1.jar;C:\Users\kapsisod\.m2\repository\commons-collections\commons-collections\3.2.2\commons-collections-3.2.2.jar;C:\Users\kapsisod\.m2\repository\org\apache\commons\commons-lang3\3.9\commons-lang3-3.9.jar;C:\Users\kapsisod\.m2\repository\commons-io\commons-io\2.6\commons-io-2.6.jar;C:\Users\kapsisod\.m2\repository\org\springframework\spring-context\5.1.8.RELEASE\spring-context-5.1.8.RELEASE.jar;C:\Users\kapsisod\.m2\repository\org\springframework\spring-aop\5.1.8.RELEASE\spring-aop-5.1.8.RELEASE.jar;C:\Users\kapsisod\.m2\repository\org\springframework\spring-beans\5.1.8.RELEASE\spring-beans-5.1.8.RELEASE.jar;C:\Users\kapsisod\.m2\repository\org\springframework\spring-core\5.1.8.RELEASE\spring-core-5.1.8.RELEASE.jar;C:\Users\kapsisod\.m2\repository\org\springframework\spring-jcl\5.1.8.RELEASE\spring-jcl-5.1.8.RELEASE.jar;C:\Users\kapsisod\.m2\repository\org\springframework\spring-expression\5.1.8.RELEASE\spring-expression-5.1.8.RELEASE.jar;C:\Users\kapsisod\.m2\repository\org\aspectj\aspectjweaver\1.9.4\aspectjweaver-1.9.4.jar;C:\Users\kapsisod\.m2\repository\org\slf4j\slf4j-api\1.7.26\slf4j-api-1.7.26.jar;C:\Users\kapsisod\.m2\repository\org\seleniumhq\selenium\selenium-java\3.141.59\selenium-java-3.141.59.jar;C:\Users\kapsisod\.m2\repository\org\seleniumhq\selenium\selenium-chrome-driver\3.141.59\selenium-chrome-driver-3.141.59.jar;C:\Users\kapsisod\.m2\repository\org\seleniumhq\selenium\selenium-edge-driver\3.141.59\selenium-edge-driver-3.141.59.jar;C:\Users\kapsisod\.m2\repository\org\seleniumhq\selenium\selenium-firefox-driver\3.141.59\selenium-firefox-driver-3.141.59.jar;C:\Users\kapsisod\.m2\repository\org\seleniumhq\selenium\selenium-ie-driver\3.141.59\selenium-ie-driver-3.141.59.jar;C:\Users\kapsisod\.m2\repository\org\seleniumhq\selenium\selenium-opera-driver\3.141.59\selenium-opera-driver-3.141.59.jar;C:\Users\kapsisod\.m2\repository\org\seleniumhq\selenium\selenium-remote-driver\3.141.59\selenium-remote-driver-3.141.59.jar;C:\Users\kapsisod\.m2\repository\org\seleniumhq\selenium\selenium-safari-driver\3.141.59\selenium-safari-driver-3.141.59.jar;C:\Users\kapsisod\.m2\repository\net\bytebuddy\byte-buddy\1.8.15\byte-buddy-1.8.15.jar;C:\Users\kapsisod\.m2\repository\org\apache\commons\commons-exec\1.3\commons-exec-1.3.jar;C:\Users\kapsisod\.m2\repository\com\google\guava\guava\25.0-jre\guava-25.0-jre.jar;C:\Users\kapsisod\.m2\repository\com\google\code\findbugs\jsr305\1.3.9\jsr305-1.3.9.jar;C:\Users\kapsisod\.m2\repository\org\checkerframework\checker-compat-qual\2.0.0\checker-compat-qual-2.0.0.jar;C:\Users\kapsisod\.m2\repository\com\google\errorprone\error_prone_annotations\2.1.3\error_prone_annotations-2.1.3.jar;C:\Users\kapsisod\.m2\repository\com\google\j2objc\j2objc-annotations\1.1\j2objc-annotations-1.1.jar;C:\Users\kapsisod\.m2\repository\org\codehaus\mojo\animal-sniffer-annotations\1.14\animal-sniffer-annotations-1.14.jar;C:\Users\kapsisod\.m2\repository\com\squareup\okhttp3\okhttp\3.11.0\okhttp-3.11.0.jar;C:\Users\kapsisod\.m2\repository\com\squareup\okio\okio\1.14.0\okio-1.14.0.jar;C:\Users\kapsisod\.m2\repository\io\cucumber\cucumber-java\6.3.0\cucumber-java-6.3.0.jar;C:\Users\kapsisod\.m2\repository\org\apiguardian\apiguardian-api\1.1.0\apiguardian-api-1.1.0.jar;C:\Users\kapsisod\.m2\repository\io\cucumber\cucumber-junit\6.3.0\cucumber-junit-6.3.0.jar;C:\Users\kapsisod\.m2\repository\io\cucumber\cucumber-core\6.3.0\cucumber-core-6.3.0.jar;C:\Users\kapsisod\.m2\repository\io\cucumber\cucumber-gherkin\6.3.0\cucumber-gherkin-6.3.0.jar;C:\Users\kapsisod\.m2\repository\io\cucumber\cucumber-gherkin-messages\6.3.0\cucumber-gherkin-messages-6.3.0.jar;C:\Users\kapsisod\.m2\repository\io\cucumber\messages\12.2.0\messages-12.2.0.jar;C:\Users\kapsisod\.m2\repository\io\cucumber\tag-expressions\3.0.0\tag-expressions-3.0.0.jar;C:\Users\kapsisod\.m2\repository\io\cucumber\cucumber-expressions\10.2.1\cucumber-expressions-10.2.1.jar;C:\Users\kapsisod\.m2\repository\io\cucumber\datatable\3.3.1\datatable-3.3.1.jar;C:\Users\kapsisod\.m2\repository\io\cucumber\cucumber-plugin\6.3.0\cucumber-plugin-6.3.0.jar;C:\Users\kapsisod\.m2\repository\io\cucumber\docstring\6.3.0\docstring-6.3.0.jar;C:\Users\kapsisod\.m2\repository\io\cucumber\html-formatter\7.0.0\html-formatter-7.0.0.jar;C:\Users\kapsisod\.m2\repository\io\cucumber\gherkin\14.1.0\gherkin-14.1.0.jar;C:\Users\kapsisod\.m2\repository\io\cucumber\cucumber-picocontainer\6.3.0\cucumber-picocontainer-6.3.0.jar;C:\Users\kapsisod\.m2\repository\org\picocontainer\picocontainer\2.15\picocontainer-2.15.jar;C:\Users\kapsisod\.m2\repository\io\cucumber\cucumber-testng\6.3.0\cucumber-testng-6.3.0.jar;C:\Users\kapsisod\.m2\repository\org\testng\testng\7.3.0\testng-7.3.0.jar;C:\Users\kapsisod\.m2\repository\com\beust\jcommander\1.78\jcommander-1.78.jar;C:\Users\kapsisod\.m2\repository\org\apache\ant\ant\1.10.3\ant-1.10.3.jar;C:\Users\kapsisod\.m2\repository\org\apache\ant\ant-launcher\1.10.3\ant-launcher-1.10.3.jar;C:\Users\kapsisod\.m2\repository\com\google\inject\guice\4.2.2\guice-4.2.2-no_aop.jar;C:\Users\kapsisod\.m2\repository\javax\inject\javax.inject\1\javax.inject-1.jar;C:\Users\kapsisod\.m2\repository\aopalliance\aopalliance\1.0\aopalliance-1.0.jar;C:\Users\kapsisod\.m2\repository\org\yaml\snakeyaml\1.21\snakeyaml-1.21.jar;"/>
    <property name="sun.cpu.endian" value="little"/>
    <property name="user.home" value="C:\Users\kapsisod"/>
    <property name="user.language" value="en"/>
    <property name="java.specification.vendor" value="Oracle Corporation"/>
    <property name="java.home" value="C:\Program Files\Java\jdk1.8.0_211\jre"/>
    <property name="basedir" value="C:\Users\kapsisod\Box Sync\POC-NHSMHS\workspace\Android"/>
    <property name="file.separator" value="\"/>
    <property name="line.separator" value="&#10;"/>
    <property name="java.vm.specification.vendor" value="Oracle Corporation"/>
    <property name="java.specification.name" value="Java Platform API Specification"/>
    <property name="java.awt.graphicsenv" value="sun.awt.Win32GraphicsEnvironment"/>
    <property name="surefire.real.class.path" value="C:\Users\kapsisod\AppData\Local\Temp\surefire7608829917886693075\surefirebooter170164022488364312.jar"/>
    <property name="sun.boot.class.path" value="C:\Program Files\Java\jdk1.8.0_211\jre\lib\resources.jar;C:\Program Files\Java\jdk1.8.0_211\jre\lib\rt.jar;C:\Program Files\Java\jdk1.8.0_211\jre\lib\sunrsasign.jar;C:\Program Files\Java\jdk1.8.0_211\jre\lib\jsse.jar;C:\Program Files\Java\jdk1.8.0_211\jre\lib\jce.jar;C:\Program Files\Java\jdk1.8.0_211\jre\lib\charsets.jar;C:\Program Files\Java\jdk1.8.0_211\jre\lib\jfr.jar;C:\Program Files\Java\jdk1.8.0_211\jre\classes"/>
    <property name="user.script" value=""/>
    <property name="sun.management.compiler" value="HotSpot 64-Bit Tiered Compilers"/>
    <property name="java.runtime.version" value="1.8.0_211-b12"/>
    <property name="user.name" value="kapsisod"/>
    <property name="path.separator" value=";"/>
    <property name="os.version" value="10.0"/>
    <property name="java.endorsed.dirs" value="C:\Program Files\Java\jdk1.8.0_211\jre\lib\endorsed"/>
    <property name="java.runtime.name" value="Java(TM) SE Runtime Environment"/>
    <property name="file.encoding" value="Cp1252"/>
    <property name="java.vm.name" value="Java HotSpot(TM) 64-Bit Server VM"/>
    <property name="localRepository" value="C:\Users\kapsisod\.m2\repository"/>
    <property name="java.vendor.url.bug" value="http://bugreport.sun.com/bugreport/"/>
    <property name="java.io.tmpdir" value="C:\Users\kapsisod\AppData\Local\Temp\"/>
    <property name="java.version" value="1.8.0_211"/>
    <property name="user.dir" value="C:\Users\kapsisod\Box Sync\POC-NHSMHS\workspace\Android"/>
    <property name="os.arch" value="amd64"/>
    <property name="java.vm.specification.name" value="Java Virtual Machine Specification"/>
    <property name="java.awt.printerjob" value="sun.awt.windows.WPrinterJob"/>
    <property name="sun.os.patch.level" value=""/>
    <property name="java.library.path" value="C:\Program Files\Java\jdk1.8.0_211\jre\bin;C:\WINDOWS\Sun\Java\bin;C:\WINDOWS\system32;C:\WINDOWS;C:/Program Files/Java/jre1.8.0_211/bin/server;C:/Program Files/Java/jre1.8.0_211/bin;C:/Program Files/Java/jre1.8.0_211/lib/amd64;C:\Program Files (x86)\Common Files\Oracle\Java\javapath;C:\WINDOWS\system32;C:\WINDOWS;C:\WINDOWS\System32\Wbem;C:\WINDOWS\System32\WindowsPowerShell\v1.0\;C:\WINDOWS\System32\OpenSSH\;C:\Program Files (x86)\Box\Box Edit\;C:\Program Files\Intel\WiFi\bin\;C:\Program Files\Common Files\Intel\WirelessCommon\;C:\Program Files\Java\jdk1.8.0_211\bin;C:\Users\kapsisod\Downloads\before 9-16-19;C:\Users\kapsisod\Documents\Python Scripts;C:\Users\kapsisod\AppData\Local\Android\Sdk\tools;C:\Users\kapsisod\AppData\Local\Android\Sdk\platform-tools;C:\Program Files\nodejs\;C:\Program Files\nodejs\node_modules\npm\bin;C:\Users\kapsisod\Downloads\apache-maven-3.6.3\bin;C:\Program Files\Git\cmd;C:\Program Files (x86)\Notepad++;;C:\Program Files\Perforce\;C:\Program Files\Docker\Docker\resources\bin;C:\ProgramData\DockerDesktop\version-bin;C:\Users\kapsisod\AppData\Local\Programs\Python\Python38\Scripts\;C:\Users\kapsisod\AppData\Local\Programs\Python\Python38\;C:\Users\kapsisod\AppData\Local\Programs\Python\Launcher\;C:\Users\kapsisod\AppData\Local\Microsoft\WindowsApps;C:\Users\kapsisod\AppData\Roaming\npm;C:\Users\kapsisod\AppData\Local\Programs\Microsoft VS Code\bin;C:\Users\kapsisod\AppData\Local\atom\bin;C:\WINDOWS\system32;;."/>
    <property name="java.vm.info" value="mixed mode"/>
    <property name="java.vendor" value="Oracle Corporation"/>
    <property name="java.vm.version" value="25.211-b12"/>
    <property name="java.ext.dirs" value="C:\Program Files\Java\jdk1.8.0_211\jre\lib\ext;C:\WINDOWS\Sun\Java\lib\ext"/>
    <property name="sun.io.unicode.encoding" value="UnicodeLittle"/>
    <property name="java.class.version" value="52.0"/>
  </properties>
  <testcase name="Patient try to Sign up using invalid OTP" classname="Sign up for the MHS App" time="168.773">
    <system-out><![CDATA[
Scenario Outline: Patient try to Sign up using invalid OTP                                                                             # src/test/java/features/SignUp.feature:34
apk path not found looking for apackage name and activity name
calling get driver method
2083854344
calling get driver method
2083854344
calling get driver method
2083854344
initialiaing page factory elements
  Given User is present on the login page                                                                                              # com.MHS.testCases.LoginMHS.user_is_present_on_the_login_page()

    Screenshot of app after the Patient try to Sign up using invalid OTP scenario


    Embedding scr2020.09.30.16.08.49 [image/png 92646 bytes]

calling get driver method
2083854344
calling get driver method
2083854344
initialiaing page factory elements
  When user click on Signup link                                                                                                       # com.MHS.testCases.RegisterUser.user_click_on_signup_link()

    Screenshot of app after the Patient try to Sign up using invalid OTP scenario


    Embedding scr2020.09.30.16.08.50 [image/png 90326 bytes]

calling get driver method
2083854344
initialiaing page factory elements
  Then user is navigated to Pre Registration page                                                                                      # com.MHS.testCases.RegisterUser.user_is_navigated_to_pre_registration_page()

    Screenshot of app after the Patient try to Sign up using invalid OTP scenario


    Embedding scr2020.09.30.16.08.52 [image/png 47908 bytes]

calling get driver method
2083854344
initialiaing page factory elements
  Given user choose to sign up as a Patient                                                                                            # com.MHS.testCases.RegisterUser.user_choose_to_sign_up_as_a(java.lang.String)

    Screenshot of app after the Patient try to Sign up using invalid OTP scenario


    Embedding scr2020.09.30.16.08.54 [image/png 46555 bytes]

calling get driver method
2083854344
initialiaing page factory elements
  When user fill the required form details i.e. Pramod z, Pramodz1@yopmail.com , Strong@129 , Strong@129 and click on register button. # com.MHS.testCases.RegisterUser.user_fill_the_required_form_details_click_on_register_button(java.lang.String,java.lang.String,java.lang.String,java.lang.String)

    Screenshot of app after the Patient try to Sign up using invalid OTP scenario


    Embedding scr2020.09.30.16.09.06 [image/png 28905 bytes]

calling get driver method
2083854344
initialiaing page factory elements
calling get driver method
2083854344
initialiaing page factory elements
  And User provide the invalid  1235 that is not associated with Pramodz1@yopmail.com and click on Submit button.                      # com.MHS.testCases.RegisterUser.user_provide_the_invalid_that_is_not_associated_with_and_click_on_submit_button(java.lang.String,java.lang.String)

    Screenshot of app after the Patient try to Sign up using invalid OTP scenario


    Embedding scr2020.09.30.16.09.11 [image/png 68683 bytes]

calling get driver method
2083854344
initialiaing page factory elements

    ' Request failed with status code 400 ' message is found below OTP field

  But User see validation error message when used  1235 as OTP.                                                                        # com.MHS.testCases.RegisterUser.user_see_validation_error_message_when_used_as_otp(java.lang.String)

    Screenshot of app after the Patient try to Sign up using invalid OTP scenario


    Embedding scr2020.09.30.16.09.15 [image/png 77227 bytes]

]]></system-out>
    <system-err><![CDATA[Sep 30, 2020 4:08:44 PM io.appium.java_client.remote.AppiumCommandExecutor$1 lambda$0
INFO: Detected dialect: W3C
]]></system-err>
  </testcase>
</testsuite>