<?xml version="1.0" encoding="UTF-8"?>
<!-- Generated by org.testng.reporters.JUnitReportReporter -->
<testsuite skipped="0" hostname="WKWIN9786561" name="NHSMHSMobileApp.Android.AppTest" tests="1" failures="0" timestamp="2020-09-02T10:32:59 GMT+05:30" time="0.004" errors="0">
  <testcase name="shouldAnswerWithTrue" time="0.004" classname="NHSMHSMobileApp.Android.AppTest"/>
  <system-out/>
</testsuite> <!-- NHSMHSMobileApp.Android.AppTest -->
